2014/11/13 15:40:52 INFO  - jmeter.util.JMeterUtils: Setting Locale to en_US 
2014/11/13 15:40:52 INFO  - jmeter.JMeter: Loading user properties from: /opt/apache-jmeter-2.11/bin/user.properties 
2014/11/13 15:40:52 INFO  - jmeter.JMeter: Loading system properties from: /opt/apache-jmeter-2.11/bin/system.properties 
2014/11/13 15:40:52 INFO  - jmeter.JMeter: Copyright (c) 1998-2014 The Apache Software Foundation 
2014/11/13 15:40:52 INFO  - jmeter.JMeter: Version 2.11 r1554548 
2014/11/13 15:40:52 INFO  - jmeter.JMeter: java.version=1.8.0_20 
2014/11/13 15:40:52 INFO  - jmeter.JMeter: java.vm.name=Java HotSpot(TM) 64-Bit Server VM 
2014/11/13 15:40:52 INFO  - jmeter.JMeter: os.name=Linux 
2014/11/13 15:40:52 INFO  - jmeter.JMeter: os.arch=amd64 
2014/11/13 15:40:52 INFO  - jmeter.JMeter: os.version=3.13.0-39-generic 
2014/11/13 15:40:52 INFO  - jmeter.JMeter: file.encoding=UTF-8 
2014/11/13 15:40:52 INFO  - jmeter.JMeter: Default Locale=English (United States) 
2014/11/13 15:40:52 INFO  - jmeter.JMeter: JMeter  Locale=English (United States) 
2014/11/13 15:40:52 INFO  - jmeter.JMeter: JMeterHome=/opt/apache-jmeter-2.11 
2014/11/13 15:40:52 INFO  - jmeter.JMeter: user.dir  =/home/thomas/git/V-V/TP6 
2014/11/13 15:40:52 INFO  - jmeter.JMeter: PWD       =/home/thomas/git/V-V/TP6 
2014/11/13 15:40:52 INFO  - jmeter.JMeter: IP: 127.0.1.1 Name: thomas-ProBook FullName: thomas-ProBook 
2014/11/13 15:40:52 INFO  - jmeter.JMeter: Loaded icon properties from org/apache/jmeter/images/icon.properties 
2014/11/13 15:40:53 INFO  - jmeter.engine.util.CompoundVariable: Note: Function class names must contain the string: '.functions.' 
2014/11/13 15:40:53 INFO  - jmeter.engine.util.CompoundVariable: Note: Function class names must not contain the string: '.gui.' 
2014/11/13 15:40:53 INFO  - jmeter.gui.action.LookAndFeelCommand: Using look and feel: javax.swing.plaf.metal.MetalLookAndFeel [Metal, CrossPlatform] 
2014/11/13 15:40:53 INFO  - jmeter.util.BSFTestElement: Registering JMeter version of JavaScript engine as work-round for BSF-22 
2014/11/13 15:40:54 INFO  - jmeter.protocol.http.sampler.HTTPSamplerBase: Cannot find .className property for htmlParser, using default 
2014/11/13 15:40:54 INFO  - jmeter.protocol.http.sampler.HTTPSamplerBase: Parser for text/html is  
2014/11/13 15:40:54 INFO  - jmeter.protocol.http.sampler.HTTPSamplerBase: Parser for application/xhtml+xml is  
2014/11/13 15:40:54 INFO  - jmeter.protocol.http.sampler.HTTPSamplerBase: Parser for application/xml is  
2014/11/13 15:40:54 INFO  - jmeter.protocol.http.sampler.HTTPSamplerBase: Parser for text/xml is  
2014/11/13 15:40:54 INFO  - jmeter.protocol.http.sampler.HTTPSamplerBase: Parser for text/vnd.wap.wml is org.apache.jmeter.protocol.http.parser.RegexpHTMLParser 
2014/11/13 15:40:54 INFO  - jmeter.gui.util.MenuFactory: Skipping org.apache.jmeter.protocol.http.control.gui.WebServiceSamplerGui 
2014/11/13 15:40:54 INFO  - jmeter.gui.util.MenuFactory: Skipping org.apache.jmeter.protocol.http.modifier.gui.ParamModifierGui 
2014/11/13 15:40:54 INFO  - jorphan.exec.KeyToolUtils: keytool found at 'keytool' 
2014/11/13 15:40:54 INFO  - jmeter.protocol.http.proxy.ProxyControl: HTTP(S) Test Script Recorder SSL Proxy will use keys that support embedded 3rd party resources in file /opt/apache-jmeter-2.11/bin/proxyserver.jks 
2014/11/13 15:40:54 INFO  - jmeter.samplers.SampleResult: Note: Sample TimeStamps are START times 
2014/11/13 15:40:54 INFO  - jmeter.samplers.SampleResult: sampleresult.default.encoding is set to ISO-8859-1 
2014/11/13 15:40:54 INFO  - jmeter.samplers.SampleResult: sampleresult.useNanoTime=true 
2014/11/13 15:40:54 INFO  - jmeter.samplers.SampleResult: sampleresult.nanoThreadSleep=5000 
2014/11/13 15:40:59 INFO  - jmeter.services.FileServer: Default base='/home/thomas/git/V-V/TP6' 
2014/11/13 15:40:59 INFO  - jmeter.gui.action.Load: Loading file: /home/thomas/git/V-V/TP6/Assertion MdMS.jmx 
2014/11/13 15:40:59 INFO  - jmeter.services.FileServer: Set new base='/home/thomas/git/V-V/TP6' 
2014/11/13 15:40:59 INFO  - jmeter.save.SaveService: Testplan (JMX) version: 2.2. Testlog (JTL) version: 2.2 
2014/11/13 15:40:59 INFO  - jmeter.save.SaveService: Using SaveService properties file encoding UTF-8 
2014/11/13 15:40:59 INFO  - jmeter.save.SaveService: Using SaveService properties version 2.6 
2014/11/13 15:40:59 INFO  - jmeter.save.SaveService: Using SaveService properties file version 1554411 
2014/11/13 15:40:59 INFO  - jmeter.save.SaveService: All converter versions present and correct 
2014/11/13 15:40:59 INFO  - jmeter.services.FileServer: Set new base='/home/thomas/git/V-V/TP6' 
